Release 14.7 - xst P.20131013 (lin64)
Copyright (c) 1995-2013 Xilinx, Inc.  All rights reserved.
--> 

TABLE OF CONTENTS
  1) Synthesis Options Summary
  2) HDL Parsing
  3) HDL Elaboration
  4) HDL Synthesis
       4.1) HDL Synthesis Report
  5) Advanced HDL Synthesis
       5.1) Advanced HDL Synthesis Report
  6) Low Level Synthesis
  7) Partition Report
  8) Design Summary
       8.1) Primitive and Black Box Usage
       8.2) Device utilization summary
       8.3) Partition Resource Summary
       8.4) Timing Report
            8.4.1) Clock Information
            8.4.2) Asynchronous Control Signals Information
            8.4.3) Timing Summary
            8.4.4) Timing Details
            8.4.5) Cross Clock Domains Report


=========================================================================
*                      Synthesis Options Summary                        *
=========================================================================
---- Source Parameters
Input File Name                    : "project.src"
Input Format                       : mixed

---- Target Parameters
Target Device                      : xc6slx4-2tqg144
Output File Name                   : "project.ngc"
Output Format                      : NGC

---- Source Options
Top Module Name                    : LVDS_test

---- General Options
Optimization Goal                  : Area
Optimization Effort                : 1
RTL Output                         : yes

=========================================================================


=========================================================================
*                          HDL Parsing                                  *
=========================================================================
Analyzing Verilog file "/media/lexuil/Ubuntu Data/Codigos/LVDS2/LVDS_test.v" into library work
Parsing module <LVDS_test>.
Analyzing Verilog file "/media/lexuil/Ubuntu Data/Codigos/LVDS2/serializer.v" into library work
Parsing module <serializer>.
Analyzing Verilog file "/media/lexuil/Ubuntu Data/Codigos/LVDS2/lvds_clockgen.v" into library work
Parsing module <lvds_clockgen>.
Analyzing Verilog file "/media/lexuil/Ubuntu Data/Codigos/LVDS2/video_lvds.v" into library work
Parsing module <video_lvds>.
Analyzing Verilog file "/media/lexuil/Ubuntu Data/Codigos/LVDS2/ram.v" into library work
Parsing module <ram>.
Analyzing Verilog file "/media/lexuil/Ubuntu Data/Codigos/LVDS2/dvi_decoder.v" into library work
Parsing module <dvi_decoder>.

=========================================================================
*                            HDL Elaboration                            *
=========================================================================
WARNING:HDLCompiler:1016 - "/media/lexuil/Ubuntu Data/Codigos/LVDS2/LVDS_test.v" Line 56: Port CLK180 is not connected to this instance

Elaborating module <LVDS_test>.
Reading initialization file \"media/lexuil/Ubuntu Data/Codigos/LVDS2//scriptimg2ram/image.mem\".
WARNING:HDLCompiler:568 - "Unknown" Line 0: Constant value is truncated to fit in <8> bits.
WARNING:HDLCompiler:1670 - "/media/lexuil/Ubuntu Data/Codigos/LVDS2/LVDS_test.v" Line 157: Signal <ram> in initial block is partially initialized.
WARNING:HDLCompiler:1127 - "/media/lexuil/Ubuntu Data/Codigos/LVDS2/LVDS_test.v" Line 43: Assignment to clkprueba ignored, since the identifier is never used
WARNING:HDLCompiler:413 - "/media/lexuil/Ubuntu Data/Codigos/LVDS2/LVDS_test.v" Line 51: Result of 32-bit expression is truncated to fit in 11-bit target.
WARNING:HDLCompiler:413 - "/media/lexuil/Ubuntu Data/Codigos/LVDS2/LVDS_test.v" Line 52: Result of 32-bit expression is truncated to fit in 11-bit target.

Elaborating module <DCM_SP(CLKIN_PERIOD=20,CLKFX_MULTIPLY=7,CLKFX_DIVIDE=5)>.
WARNING:HDLCompiler:1127 - "/media/lexuil/Ubuntu Data/Codigos/LVDS2/LVDS_test.v" Line 68: Assignment to clk_lckd ignored, since the identifier is never used

Elaborating module <BUFG>.

Elaborating module <video_lvds>.

Elaborating module <OBUFDS(IOSTANDARD="BLVDS_25")>.
WARNING:HDLCompiler:1016 - "/media/lexuil/Ubuntu Data/Codigos/LVDS2/lvds_clockgen.v" Line 57: Port PRE is not connected to this instance

Elaborating module <lvds_clockgen>.

Elaborating module <DCM_SP(CLKIN_PERIOD="15.625",DESKEW_ADJUST="0",CLKFX_MULTIPLY=7,CLKFX_DIVIDE=2)>.

Elaborating module <FDP>.

Elaborating module <serializer>.

Elaborating module <ODDR2(DDR_ALIGNMENT="NONE")>.
WARNING:HDLCompiler:413 - "/media/lexuil/Ubuntu Data/Codigos/LVDS2/serializer.v" Line 64: Result of 2-bit expression is truncated to fit in 1-bit target.
WARNING:HDLCompiler:413 - "/media/lexuil/Ubuntu Data/Codigos/LVDS2/serializer.v" Line 83: Result of 4-bit expression is truncated to fit in 3-bit target.
WARNING:HDLCompiler:413 - "/media/lexuil/Ubuntu Data/Codigos/LVDS2/LVDS_test.v" Line 125: Result of 32-bit expression is truncated to fit in 31-bit target.
WARNING:HDLCompiler:91 - "/media/lexuil/Ubuntu Data/Codigos/LVDS2/LVDS_test.v" Line 138: Signal <ContadorX> missing in the sensitivity list is added for synthesis purposes. HDL and post-synthesis simulations may differ as a result.
WARNING:HDLCompiler:91 - "/media/lexuil/Ubuntu Data/Codigos/LVDS2/LVDS_test.v" Line 139: Signal <ContadorX> missing in the sensitivity list is added for synthesis purposes. HDL and post-synthesis simulations may differ as a result.
WARNING:HDLCompiler:91 - "/media/lexuil/Ubuntu Data/Codigos/LVDS2/LVDS_test.v" Line 140: Signal <ram> missing in the sensitivity list is added for synthesis purposes. HDL and post-synthesis simulations may differ as a result.
WARNING:HDLCompiler:91 - "/media/lexuil/Ubuntu Data/Codigos/LVDS2/LVDS_test.v" Line 141: Signal <ram> missing in the sensitivity list is added for synthesis purposes. HDL and post-synthesis simulations may differ as a result.
WARNING:HDLCompiler:91 - "/media/lexuil/Ubuntu Data/Codigos/LVDS2/LVDS_test.v" Line 142: Signal <ram> missing in the sensitivity list is added for synthesis purposes. HDL and post-synthesis simulations may differ as a result.

=========================================================================
*                           HDL Synthesis                               *
=========================================================================

Synthesizing Unit <LVDS_test>.
    Related source file is "/media/lexuil/Ubuntu Data/Codigos/LVDS2/LVDS_test.v".
        ScreenX = 1365
        ScreenY = 768
        BlankingVertical = 12
        BlankingHorizontal = 50
        tm = 4095
WARNING:Xst:2999 - Signal 'ram', unconnected in block 'LVDS_test', is tied to its initial value.
    Found 11-bit register for signal <ContadorY>.
    Found 8-bit register for signal <Blue>.
    Found 8-bit register for signal <Red>.
    Found 8-bit register for signal <Green>.
    Found 31-bit register for signal <Contador>.
    Found 1-bit register for signal <led>.
    Found 11-bit register for signal <ContadorX>.
    Found 12-bit adder for signal <n0135[11:0]> created at line 51.
    Found 12-bit adder for signal <n0137[11:0]> created at line 52.
    Found 31-bit adder for signal <Contador[30]_GND_1_o_add_51_OUT> created at line 125.
    Found 23-bit adder for signal <n0111> created at line 140.
    Found 23-bit adder for signal <n0140> created at line 141.
    Found 23-bit adder for signal <n0115> created at line 141.
    Found 23-bit adder for signal <n0117> created at line 142.
    Found 11x11-bit multiplier for signal <PWR_1_o_ContadorY[10]_MuLt_64_OUT> created at line 141.
    Found 4096x8-bit dual-port Read Only RAM <Mram_ram> for signal <ram>.
    Found 11-bit comparator greater for signal <PWR_1_o_ContadorX[10]_LessThan_1_o> created at line 45
    Found 11-bit comparator greater for signal <ContadorX[10]_PWR_1_o_LessThan_2_o> created at line 45
    Found 11-bit comparator greater for signal <GND_1_o_ContadorY[10]_LessThan_4_o> created at line 46
    Found 11-bit comparator greater for signal <ContadorY[10]_GND_1_o_LessThan_5_o> created at line 46
    Found 11-bit comparator greater for signal <ContadorX[10]_PWR_1_o_LessThan_7_o> created at line 47
    Found 11-bit comparator greater for signal <ContadorY[10]_GND_1_o_LessThan_8_o> created at line 47
    Found 11-bit comparator greater for signal <ContadorX[10]_GND_1_o_LessThan_21_o> created at line 103
    Found 11-bit comparator greater for signal <ContadorX[10]_GND_1_o_LessThan_22_o> created at line 104
    Found 11-bit comparator greater for signal <ContadorX[10]_GND_1_o_LessThan_23_o> created at line 105
    Found 11-bit comparator greater for signal <ContadorX[10]_GND_1_o_LessThan_24_o> created at line 106
    Found 11-bit comparator greater for signal <ContadorX[10]_GND_1_o_LessThan_25_o> created at line 107
    Found 11-bit comparator greater for signal <ContadorX[10]_GND_1_o_LessThan_26_o> created at line 108
    Found 11-bit comparator greater for signal <ContadorX[10]_PWR_1_o_LessThan_27_o> created at line 109
    Found 23-bit comparator greater for signal <BUS_0004_GND_1_o_LessThan_58_o> created at line 138
    Found 11-bit comparator greater for signal <ContadorX[10]_GND_1_o_LessThan_59_o> created at line 139
    Found 11-bit comparator greater for signal <ContadorY[10]_GND_1_o_LessThan_60_o> created at line 139
    Summary:
	inferred   2 RAM(s).
	inferred   1 Multiplier(s).
	inferred   7 Adder/Subtractor(s).
	inferred  78 D-type flip-flop(s).
	inferred  16 Comparator(s).
	inferred  12 Multiplexer(s).
Unit <LVDS_test> synthesized.

Synthesizing Unit <video_lvds>.
    Related source file is "/media/lexuil/Ubuntu Data/Codigos/LVDS2/video_lvds.v".
WARNING:Xst:647 - Input <Red<7:6>> is never used. This port will be preserved and left unconnected if it belongs to a top-level block or it belongs to a sub-block and the hierarchy of this sub-block is preserved.
WARNING:Xst:647 - Input <Green<7:6>> is never used. This port will be preserved and left unconnected if it belongs to a top-level block or it belongs to a sub-block and the hierarchy of this sub-block is preserved.
WARNING:Xst:647 - Input <Blue<7:6>> is never used. This port will be preserved and left unconnected if it belongs to a top-level block or it belongs to a sub-block and the hierarchy of this sub-block is preserved.
    Summary:
	no macro.
Unit <video_lvds> synthesized.

Synthesizing Unit <lvds_clockgen>.
    Related source file is "/media/lexuil/Ubuntu Data/Codigos/LVDS2/lvds_clockgen.v".
    Summary:
	no macro.
Unit <lvds_clockgen> synthesized.

Synthesizing Unit <serializer>.
    Related source file is "/media/lexuil/Ubuntu Data/Codigos/LVDS2/serializer.v".
    Found 3-bit register for signal <outcount>.
    Found 2-bit register for signal <shiftdata>.
    Found 14-bit register for signal <n0019>.
    Found 1-bit register for signal <datacount>.
    Found 1-bit register for signal <DataInBuffer>.
    Found 1-bit register for signal <SendOK>.
    Found 1-bit adder for signal <datacount_PWR_9_o_add_1_OUT<0>> created at line 64.
    Found 3-bit adder for signal <outcount[2]_GND_9_o_add_8_OUT> created at line 83.
    Summary:
	inferred   2 Adder/Subtractor(s).
	inferred  22 D-type flip-flop(s).
	inferred   9 Multiplexer(s).
Unit <serializer> synthesized.

=========================================================================
HDL Synthesis Report

Macro Statistics
# RAMs                                                 : 2
 4096x8-bit dual-port Read Only RAM                    : 1
 4096x8-bit single-port Read Only RAM                  : 1
# Multipliers                                          : 1
 11x11-bit multiplier                                  : 1
# Adders/Subtractors                                   : 15
 1-bit adder                                           : 4
 12-bit adder                                          : 2
 23-bit adder                                          : 4
 3-bit adder                                           : 4
 31-bit adder                                          : 1
# Registers                                            : 31
 1-bit register                                        : 13
 11-bit register                                       : 2
 14-bit register                                       : 4
 2-bit register                                        : 4
 3-bit register                                        : 4
 31-bit register                                       : 1
 8-bit register                                        : 3
# Comparators                                          : 16
 11-bit comparator greater                             : 15
 23-bit comparator greater                             : 1
# Multiplexers                                         : 48
 2-bit 2-to-1 multiplexer                              : 24
 3-bit 2-to-1 multiplexer                              : 4
 32-bit 2-to-1 multiplexer                             : 1
 7-bit 2-to-1 multiplexer                              : 8
 8-bit 2-to-1 multiplexer                              : 11

=========================================================================

=========================================================================
*                       Advanced HDL Synthesis                          *
=========================================================================

WARNING:Xst:2677 - Node <Green_6> of sequential type is unconnected in block <LVDS_test>.
WARNING:Xst:2677 - Node <Green_7> of sequential type is unconnected in block <LVDS_test>.
WARNING:Xst:2677 - Node <Red_6> of sequential type is unconnected in block <LVDS_test>.
WARNING:Xst:2677 - Node <Red_7> of sequential type is unconnected in block <LVDS_test>.
WARNING:Xst:2677 - Node <Blue_6> of sequential type is unconnected in block <LVDS_test>.
WARNING:Xst:2677 - Node <Blue_7> of sequential type is unconnected in block <LVDS_test>.

Synthesizing (advanced) Unit <LVDS_test>.
The following registers are absorbed into counter <Contador>: 1 register on signal <Contador>.
The following registers are absorbed into counter <ContadorX>: 1 register on signal <ContadorX>.
	Multiplier <Mmult_PWR_1_o_ContadorY[10]_MuLt_64_OUT> in block <LVDS_test> and adder/subtractor <Madd_n0140> in block <LVDS_test> are combined into a MAC<Maddsub_PWR_1_o_ContadorY[10]_MuLt_64_OUT>.
INFO:Xst:3213 - HDL ADVISOR - Characteristics of the register <Green> prevent it from being combined with the RAM <Mram_ram> for implementation as read-only block RAM.
    -----------------------------------------------------------------------
    | ram_type           | Distributed                         |          |
    -----------------------------------------------------------------------
    | Port A                                                              |
    |     aspect ratio   | 4096-word x 8-bit                   |          |
    |     weA            | connected to signal <GND>           | high     |
    |     addrA          | connected to signal <n0111>         |          |
    |     diA            | connected to signal <GND>           |          |
    |     doA            | connected to internal node          |          |
    -----------------------------------------------------------------------
    | Port B                                                              |
    |     aspect ratio   | 4096-word x 8-bit                   |          |
    |     addrB          | connected to signal <n0115>         |          |
    |     doB            | connected to internal node          |          |
    -----------------------------------------------------------------------
INFO:Xst:3218 - HDL ADVISOR - The RAM <Mram_ram> will be implemented on LUTs either because you have described an asynchronous read or because of currently unsupported block RAM features. If you have described an asynchronous read, making it synchronous would allow you to take advantage of available block RAM resources, for optimized device usage and improved timings. Please refer to your documentation for coding guidelines.
INFO:Xst:3218 - HDL ADVISOR - The RAM <Mram_ram1> will be implemented on LUTs either because you have described an asynchronous read or because of currently unsupported block RAM features. If you have described an asynchronous read, making it synchronous would allow you to take advantage of available block RAM resources, for optimized device usage and improved timings. Please refer to your documentation for coding guidelines.
    -----------------------------------------------------------------------
    | ram_type           | Distributed                         |          |
    -----------------------------------------------------------------------
    | Port A                                                              |
    |     aspect ratio   | 4096-word x 8-bit                   |          |
    |     weA            | connected to signal <GND>           | high     |
    |     addrA          | connected to signal <n0117>         |          |
    |     diA            | connected to signal <GND>           |          |
    |     doA            | connected to internal node          |          |
    -----------------------------------------------------------------------
Unit <LVDS_test> synthesized (advanced).

Synthesizing (advanced) Unit <serializer>.
The following registers are absorbed into counter <outcount>: 1 register on signal <outcount>.
The following registers are absorbed into counter <datacount>: 1 register on signal <datacount>.
Unit <serializer> synthesized (advanced).

=========================================================================
Advanced HDL Synthesis Report

Macro Statistics
# RAMs                                                 : 2
 4096x8-bit dual-port distributed Read Only RAM        : 1
 4096x8-bit single-port distributed Read Only RAM      : 1
# MACs                                                 : 1
 11x11-to-23-bit MAC                                   : 1
# Adders/Subtractors                                   : 4
 12-bit adder                                          : 4
# Counters                                             : 10
 1-bit up counter                                      : 4
 11-bit up counter                                     : 1
 3-bit up counter                                      : 4
 31-bit up counter                                     : 1
# Registers                                            : 109
 Flip-Flops                                            : 109
# Comparators                                          : 16
 11-bit comparator greater                             : 15
 23-bit comparator greater                             : 1
# Multiplexers                                         : 108
 1-bit 2-to-1 multiplexer                              : 88
 2-bit 2-to-1 multiplexer                              : 8
 32-bit 2-to-1 multiplexer                             : 1
 8-bit 2-to-1 multiplexer                              : 11

=========================================================================

=========================================================================
*                         Low Level Synthesis                           *
=========================================================================
INFO:Xst:2261 - The FF/Latch <Red_1> in Unit <LVDS_test> is equivalent to the following 5 FFs/Latches, which will be removed : <Red_2> <Red_3> <Red_4> <Red_6> <Red_7> 

Optimizing unit <LVDS_test> ...

Optimizing unit <video_lvds> ...

Optimizing unit <serializer> ...
WARNING:Xst:1710 - FF/Latch <videoencoder/clockgenerator/lvdsclkman/buffer_0_11> (without init value) has a constant value of 0 in block <LVDS_test>. This FF/Latch will be trimmed during the optimization process.
WARNING:Xst:1710 - FF/Latch <videoencoder/clockgenerator/lvdsclkman/buffer_0_10> (without init value) has a constant value of 0 in block <LVDS_test>. This FF/Latch will be trimmed during the optimization process.
WARNING:Xst:1710 - FF/Latch <videoencoder/clockgenerator/lvdsclkman/buffer_0_9> (without init value) has a constant value of 0 in block <LVDS_test>. This FF/Latch will be trimmed during the optimization process.
WARNING:Xst:1710 - FF/Latch <videoencoder/clockgenerator/lvdsclkman/buffer_0_4> (without init value) has a constant value of 0 in block <LVDS_test>. This FF/Latch will be trimmed during the optimization process.
WARNING:Xst:1710 - FF/Latch <videoencoder/clockgenerator/lvdsclkman/buffer_0_3> (without init value) has a constant value of 0 in block <LVDS_test>. This FF/Latch will be trimmed during the optimization process.
WARNING:Xst:1710 - FF/Latch <videoencoder/clockgenerator/lvdsclkman/buffer_0_2> (without init value) has a constant value of 0 in block <LVDS_test>. This FF/Latch will be trimmed during the optimization process.
WARNING:Xst:2677 - Node <Green_6> of sequential type is unconnected in block <LVDS_test>.
WARNING:Xst:2677 - Node <Green_7> of sequential type is unconnected in block <LVDS_test>.
WARNING:Xst:2677 - Node <Blue_6> of sequential type is unconnected in block <LVDS_test>.
WARNING:Xst:2677 - Node <Blue_7> of sequential type is unconnected in block <LVDS_test>.
WARNING:Xst:2677 - Node <Mram_ram194> of sequential type is unconnected in block <MTP_>.
WARNING:Xst:2677 - Node <Mram_ram197> of sequential type is unconnected in block <MTP_>.
WARNING:Xst:2677 - Node <Mram_ram195> of sequential type is unconnected in block <MTP_>.
WARNING:Xst:2677 - Node <Mram_ram196> of sequential type is unconnected in block <MTP_>.
WARNING:Xst:2677 - Node <Mram_ram198> of sequential type is unconnected in block <MTP_>.
WARNING:Xst:2677 - Node <Mram_ram199> of sequential type is unconnected in block <MTP_>.
WARNING:Xst:2677 - Node <Mram_ram200> of sequential type is unconnected in block <MTP_>.
WARNING:Xst:2677 - Node <Mram_ram201> of sequential type is unconnected in block <MTP_>.
WARNING:Xst:2677 - Node <Mram_ram202> of sequential type is unconnected in block <MTP_>.
WARNING:Xst:2677 - Node <Mram_ram203> of sequential type is unconnected in block <MTP_>.
WARNING:Xst:2677 - Node <Mram_ram204> of sequential type is unconnected in block <MTP_>.
WARNING:Xst:2677 - Node <Mram_ram205> of sequential type is unconnected in block <MTP_>.
WARNING:Xst:2677 - Node <Mram_ram206> of sequential type is unconnected in block <MTP_>.
WARNING:Xst:2677 - Node <Mram_ram207> of sequential type is unconnected in block <MTP_>.
WARNING:Xst:2677 - Node <Mram_ram208> of sequential type is unconnected in block <MTP_>.
WARNING:Xst:2677 - Node <Mram_ram209> of sequential type is unconnected in block <MTP_>.
WARNING:Xst:2677 - Node <Mram_ram210> of sequential type is unconnected in block <MTP_>.
WARNING:Xst:2677 - Node <Mram_ram211> of sequential type is unconnected in block <MTP_>.
WARNING:Xst:2677 - Node <Mram_ram214> of sequential type is unconnected in block <MTP_>.
WARNING:Xst:2677 - Node <Mram_ram212> of sequential type is unconnected in block <MTP_>.
WARNING:Xst:2677 - Node <Mram_ram213> of sequential type is unconnected in block <MTP_>.
WARNING:Xst:2677 - Node <Mram_ram215> of sequential type is unconnected in block <MTP_>.
WARNING:Xst:2677 - Node <Mram_ram216> of sequential type is unconnected in block <MTP_>.
WARNING:Xst:2677 - Node <Mram_ram217> of sequential type is unconnected in block <MTP_>.
WARNING:Xst:2677 - Node <Mram_ram218> of sequential type is unconnected in block <MTP_>.
WARNING:Xst:2677 - Node <Mram_ram219> of sequential type is unconnected in block <MTP_>.
WARNING:Xst:2677 - Node <Mram_ram220> of sequential type is unconnected in block <MTP_>.
WARNING:Xst:2677 - Node <Mram_ram223> of sequential type is unconnected in block <MTP_>.
WARNING:Xst:2677 - Node <Mram_ram221> of sequential type is unconnected in block <MTP_>.
WARNING:Xst:2677 - Node <Mram_ram222> of sequential type is unconnected in block <MTP_>.
WARNING:Xst:2677 - Node <Mram_ram224> of sequential type is unconnected in block <MTP_>.
WARNING:Xst:2677 - Node <Mram_ram225> of sequential type is unconnected in block <MTP_>.
WARNING:Xst:2677 - Node <Mram_ram226> of sequential type is unconnected in block <MTP_>.
WARNING:Xst:2677 - Node <Mram_ram227> of sequential type is unconnected in block <MTP_>.
WARNING:Xst:2677 - Node <Mram_ram228> of sequential type is unconnected in block <MTP_>.
WARNING:Xst:2677 - Node <Mram_ram229> of sequential type is unconnected in block <MTP_>.
WARNING:Xst:2677 - Node <Mram_ram232> of sequential type is unconnected in block <MTP_>.
WARNING:Xst:2677 - Node <Mram_ram230> of sequential type is unconnected in block <MTP_>.
WARNING:Xst:2677 - Node <Mram_ram231> of sequential type is unconnected in block <MTP_>.
WARNING:Xst:2677 - Node <Mram_ram233> of sequential type is unconnected in block <MTP_>.
WARNING:Xst:2677 - Node <Mram_ram234> of sequential type is unconnected in block <MTP_>.
WARNING:Xst:2677 - Node <Mram_ram235> of sequential type is unconnected in block <MTP_>.
WARNING:Xst:2677 - Node <Mram_ram236> of sequential type is unconnected in block <MTP_>.
WARNING:Xst:2677 - Node <Mram_ram237> of sequential type is unconnected in block <MTP_>.
WARNING:Xst:2677 - Node <Mram_ram238> of sequential type is unconnected in block <MTP_>.
WARNING:Xst:2677 - Node <Mram_ram239> of sequential type is unconnected in block <MTP_>.
WARNING:Xst:2677 - Node <Mram_ram240> of sequential type is unconnected in block <MTP_>.
WARNING:Xst:2677 - Node <Mram_ram241> of sequential type is unconnected in block <MTP_>.
WARNING:Xst:2677 - Node <Mram_ram242> of sequential type is unconnected in block <MTP_>.
WARNING:Xst:2677 - Node <Mram_ram243> of sequential type is unconnected in block <MTP_>.
WARNING:Xst:2677 - Node <Mram_ram244> of sequential type is unconnected in block <MTP_>.
WARNING:Xst:2677 - Node <Mram_ram245> of sequential type is unconnected in block <MTP_>.
WARNING:Xst:2677 - Node <Mram_ram246> of sequential type is unconnected in block <MTP_>.
WARNING:Xst:2677 - Node <Mram_ram249> of sequential type is unconnected in block <MTP_>.
WARNING:Xst:2677 - Node <Mram_ram247> of sequential type is unconnected in block <MTP_>.
WARNING:Xst:2677 - Node <Mram_ram248> of sequential type is unconnected in block <MTP_>.
WARNING:Xst:2677 - Node <Mram_ram250> of sequential type is unconnected in block <MTP_>.
WARNING:Xst:2677 - Node <Mram_ram251> of sequential type is unconnected in block <MTP_>.
WARNING:Xst:2677 - Node <Mram_ram252> of sequential type is unconnected in block <MTP_>.
WARNING:Xst:2677 - Node <Mram_ram253> of sequential type is unconnected in block <MTP_>.
WARNING:Xst:2677 - Node <Mram_ram254> of sequential type is unconnected in block <MTP_>.
WARNING:Xst:2677 - Node <Mram_ram255> of sequential type is unconnected in block <MTP_>.
WARNING:Xst:2677 - Node <Mram_ram256> of sequential type is unconnected in block <MTP_>.
WARNING:Xst:2677 - Node <Mram_ram257> of sequential type is unconnected in block <MTP_>.
INFO:Xst:2399 - RAMs <Mram_ram3>, <Mram_ram4> are equivalent, second RAM is removed
INFO:Xst:2399 - RAMs <Mram_ram3>, <Mram_ram5> are equivalent, second RAM is removed
INFO:Xst:2399 - RAMs <Mram_ram3>, <Mram_ram6> are equivalent, second RAM is removed
INFO:Xst:2399 - RAMs <Mram_ram3>, <Mram_ram7> are equivalent, second RAM is removed
INFO:Xst:2399 - RAMs <Mram_ram3>, <Mram_ram8> are equivalent, second RAM is removed
INFO:Xst:2399 - RAMs <Mram_ram3>, <Mram_ram9> are equivalent, second RAM is removed
INFO:Xst:2399 - RAMs <Mram_ram3>, <Mram_ram12> are equivalent, second RAM is removed
INFO:Xst:2399 - RAMs <Mram_ram3>, <Mram_ram10> are equivalent, second RAM is removed
INFO:Xst:2399 - RAMs <Mram_ram3>, <Mram_ram11> are equivalent, second RAM is removed
INFO:Xst:2399 - RAMs <Mram_ram3>, <Mram_ram13> are equivalent, second RAM is removed
INFO:Xst:2399 - RAMs <Mram_ram3>, <Mram_ram14> are equivalent, second RAM is removed
INFO:Xst:2399 - RAMs <Mram_ram3>, <Mram_ram15> are equivalent, second RAM is removed
INFO:Xst:2399 - RAMs <Mram_ram3>, <Mram_ram16> are equivalent, second RAM is removed
INFO:Xst:2399 - RAMs <Mram_ram3>, <Mram_ram17> are equivalent, second RAM is removed
INFO:Xst:2399 - RAMs <Mram_ram3>, <Mram_ram18> are equivalent, second RAM is removed
INFO:Xst:2399 - RAMs <Mram_ram3>, <Mram_ram21> are equivalent, second RAM is removed
INFO:Xst:2399 - RAMs <Mram_ram3>, <Mram_ram19> are equivalent, second RAM is removed
INFO:Xst:2399 - RAMs <Mram_ram3>, <Mram_ram20> are equivalent, second RAM is removed
INFO:Xst:2399 - RAMs <Mram_ram3>, <Mram_ram22> are equivalent, second RAM is removed
INFO:Xst:2399 - RAMs <Mram_ram3>, <Mram_ram23> are equivalent, second RAM is removed
INFO:Xst:2399 - RAMs <Mram_ram3>, <Mram_ram24> are equivalent, second RAM is removed
INFO:Xst:2399 - RAMs <Mram_ram3>, <Mram_ram25> are equivalent, second RAM is removed
INFO:Xst:2399 - RAMs <Mram_ram3>, <Mram_ram26> are equivalent, second RAM is removed
INFO:Xst:2399 - RAMs <Mram_ram3>, <Mram_ram27> are equivalent, second RAM is removed
INFO:Xst:2399 - RAMs <Mram_ram3>, <Mram_ram30> are equivalent, second RAM is removed
INFO:Xst:2399 - RAMs <Mram_ram3>, <Mram_ram28> are equivalent, second RAM is removed
INFO:Xst:2399 - RAMs <Mram_ram3>, <Mram_ram29> are equivalent, second RAM is removed
INFO:Xst:2399 - RAMs <Mram_ram3>, <Mram_ram31> are equivalent, second RAM is removed
INFO:Xst:2399 - RAMs <Mram_ram3>, <Mram_ram32> are equivalent, second RAM is removed
INFO:Xst:2399 - RAMs <Mram_ram3>, <Mram_ram33> are equivalent, second RAM is removed
INFO:Xst:2399 - RAMs <Mram_ram3>, <Mram_ram34> are equivalent, second RAM is removed
INFO:Xst:2399 - RAMs <Mram_ram3>, <Mram_ram35> are equivalent, second RAM is removed
INFO:Xst:2399 - RAMs <Mram_ram3>, <Mram_ram36> are equivalent, second RAM is removed
INFO:Xst:2399 - RAMs <Mram_ram3>, <Mram_ram39> are equivalent, second RAM is removed
INFO:Xst:2399 - RAMs <Mram_ram3>, <Mram_ram37> are equivalent, second RAM is removed
INFO:Xst:2399 - RAMs <Mram_ram3>, <Mram_ram38> are equivalent, second RAM is removed
INFO:Xst:2399 - RAMs <Mram_ram3>, <Mram_ram40> are equivalent, second RAM is removed
INFO:Xst:2399 - RAMs <Mram_ram3>, <Mram_ram41> are equivalent, second RAM is removed
INFO:Xst:2399 - RAMs <Mram_ram3>, <Mram_ram42> are equivalent, second RAM is removed
INFO:Xst:2399 - RAMs <Mram_ram3>, <Mram_ram43> are equivalent, second RAM is removed
INFO:Xst:2399 - RAMs <Mram_ram3>, <Mram_ram44> are equivalent, second RAM is removed
INFO:Xst:2399 - RAMs <Mram_ram3>, <Mram_ram45> are equivalent, second RAM is removed
INFO:Xst:2399 - RAMs <Mram_ram3>, <Mram_ram48> are equivalent, second RAM is removed
INFO:Xst:2399 - RAMs <Mram_ram3>, <Mram_ram46> are equivalent, second RAM is removed
INFO:Xst:2399 - RAMs <Mram_ram3>, <Mram_ram47> are equivalent, second RAM is removed
INFO:Xst:2399 - RAMs <Mram_ram3>, <Mram_ram49> are equivalent, second RAM is removed
INFO:Xst:2399 - RAMs <Mram_ram3>, <Mram_ram50> are equivalent, second RAM is removed
INFO:Xst:2399 - RAMs <Mram_ram3>, <Mram_ram51> are equivalent, second RAM is removed
INFO:Xst:2399 - RAMs <Mram_ram3>, <Mram_ram52> are equivalent, second RAM is removed
INFO:Xst:2399 - RAMs <Mram_ram3>, <Mram_ram53> are equivalent, second RAM is removed
INFO:Xst:2399 - RAMs <Mram_ram3>, <Mram_ram54> are equivalent, second RAM is removed
INFO:Xst:2399 - RAMs <Mram_ram3>, <Mram_ram57> are equivalent, second RAM is removed
INFO:Xst:2399 - RAMs <Mram_ram3>, <Mram_ram55> are equivalent, second RAM is removed
INFO:Xst:2399 - RAMs <Mram_ram3>, <Mram_ram56> are equivalent, second RAM is removed
INFO:Xst:2399 - RAMs <Mram_ram3>, <Mram_ram58> are equivalent, second RAM is removed
INFO:Xst:2399 - RAMs <Mram_ram3>, <Mram_ram59> are equivalent, second RAM is removed
INFO:Xst:2399 - RAMs <Mram_ram3>, <Mram_ram60> are equivalent, second RAM is removed
INFO:Xst:2399 - RAMs <Mram_ram3>, <Mram_ram61> are equivalent, second RAM is removed
INFO:Xst:2399 - RAMs <Mram_ram3>, <Mram_ram62> are equivalent, second RAM is removed
INFO:Xst:2399 - RAMs <Mram_ram3>, <Mram_ram63> are equivalent, second RAM is removed
INFO:Xst:2399 - RAMs <Mram_ram3>, <Mram_ram64> are equivalent, second RAM is removed
INFO:Xst:2399 - RAMs <Mram_ram3>, <Mram_ram65> are equivalent, second RAM is removed
INFO:Xst:2399 - RAMs <Mram_ram3>, <Mram_ram66> are equivalent, second RAM is removed
INFO:Xst:2399 - RAMs <Mram_ram3>, <Mram_ram67> are equivalent, second RAM is removed
INFO:Xst:2399 - RAMs <Mram_ram3>, <Mram_ram68> are equivalent, second RAM is removed
INFO:Xst:2399 - RAMs <Mram_ram3>, <Mram_ram69> are equivalent, second RAM is removed
INFO:Xst:2399 - RAMs <Mram_ram3>, <Mram_ram70> are equivalent, second RAM is removed
INFO:Xst:2399 - RAMs <Mram_ram3>, <Mram_ram71> are equivalent, second RAM is removed
INFO:Xst:2399 - RAMs <Mram_ram3>, <Mram_ram74> are equivalent, second RAM is removed
INFO:Xst:2399 - RAMs <Mram_ram3>, <Mram_ram72> are equivalent, second RAM is removed
INFO:Xst:2399 - RAMs <Mram_ram3>, <Mram_ram73> are equivalent, second RAM is removed
INFO:Xst:2399 - RAMs <Mram_ram3>, <Mram_ram75> are equivalent, second RAM is removed
INFO:Xst:2399 - RAMs <Mram_ram3>, <Mram_ram76> are equivalent, second RAM is removed
INFO:Xst:2399 - RAMs <Mram_ram3>, <Mram_ram77> are equivalent, second RAM is removed
INFO:Xst:2399 - RAMs <Mram_ram3>, <Mram_ram78> are equivalent, second RAM is removed
INFO:Xst:2399 - RAMs <Mram_ram3>, <Mram_ram79> are equivalent, second RAM is removed
INFO:Xst:2399 - RAMs <Mram_ram3>, <Mram_ram80> are equivalent, second RAM is removed
INFO:Xst:2399 - RAMs <Mram_ram3>, <Mram_ram83> are equivalent, second RAM is removed
INFO:Xst:2399 - RAMs <Mram_ram3>, <Mram_ram81> are equivalent, second RAM is removed
INFO:Xst:2399 - RAMs <Mram_ram3>, <Mram_ram82> are equivalent, second RAM is removed
INFO:Xst:2399 - RAMs <Mram_ram3>, <Mram_ram84> are equivalent, second RAM is removed
INFO:Xst:2399 - RAMs <Mram_ram3>, <Mram_ram85> are equivalent, second RAM is removed
INFO:Xst:2399 - RAMs <Mram_ram3>, <Mram_ram86> are equivalent, second RAM is removed
INFO:Xst:2399 - RAMs <Mram_ram3>, <Mram_ram87> are equivalent, second RAM is removed
INFO:Xst:2399 - RAMs <Mram_ram3>, <Mram_ram88> are equivalent, second RAM is removed
INFO:Xst:2399 - RAMs <Mram_ram3>, <Mram_ram89> are equivalent, second RAM is removed
INFO:Xst:2399 - RAMs <Mram_ram3>, <Mram_ram92> are equivalent, second RAM is removed
INFO:Xst:2399 - RAMs <Mram_ram3>, <Mram_ram90> are equivalent, second RAM is removed
INFO:Xst:2399 - RAMs <Mram_ram3>, <Mram_ram91> are equivalent, second RAM is removed
INFO:Xst:2399 - RAMs <Mram_ram3>, <Mram_ram93> are equivalent, second RAM is removed
INFO:Xst:2399 - RAMs <Mram_ram3>, <Mram_ram94> are equivalent, second RAM is removed
INFO:Xst:2399 - RAMs <Mram_ram3>, <Mram_ram95> are equivalent, second RAM is removed
INFO:Xst:2399 - RAMs <Mram_ram3>, <Mram_ram96> are equivalent, second RAM is removed
INFO:Xst:2399 - RAMs <Mram_ram3>, <Mram_ram97> are equivalent, second RAM is removed
INFO:Xst:2399 - RAMs <Mram_ram3>, <Mram_ram98> are equivalent, second RAM is removed
INFO:Xst:2399 - RAMs <Mram_ram3>, <Mram_ram99> are equivalent, second RAM is removed
INFO:Xst:2399 - RAMs <Mram_ram3>, <Mram_ram100> are equivalent, second RAM is removed
INFO:Xst:2399 - RAMs <Mram_ram3>, <Mram_ram101> are equivalent, second RAM is removed
INFO:Xst:2399 - RAMs <Mram_ram3>, <Mram_ram102> are equivalent, second RAM is removed
INFO:Xst:2399 - RAMs <Mram_ram3>, <Mram_ram103> are equivalent, second RAM is removed
INFO:Xst:2399 - RAMs <Mram_ram3>, <Mram_ram104> are equivalent, second RAM is removed
INFO:Xst:2399 - RAMs <Mram_ram3>, <Mram_ram105> are equivalent, second RAM is removed
INFO:Xst:2399 - RAMs <Mram_ram3>, <Mram_ram106> are equivalent, second RAM is removed
INFO:Xst:2399 - RAMs <Mram_ram3>, <Mram_ram109> are equivalent, second RAM is removed
INFO:Xst:2399 - RAMs <Mram_ram3>, <Mram_ram107> are equivalent, second RAM is removed
INFO:Xst:2399 - RAMs <Mram_ram3>, <Mram_ram108> are equivalent, second RAM is removed
INFO:Xst:2399 - RAMs <Mram_ram3>, <Mram_ram110> are equivalent, second RAM is removed
INFO:Xst:2399 - RAMs <Mram_ram3>, <Mram_ram111> are equivalent, second RAM is removed
INFO:Xst:2399 - RAMs <Mram_ram3>, <Mram_ram112> are equivalent, second RAM is removed
INFO:Xst:2399 - RAMs <Mram_ram3>, <Mram_ram113> are equivalent, second RAM is removed
INFO:Xst:2399 - RAMs <Mram_ram3>, <Mram_ram114> are equivalent, second RAM is removed
INFO:Xst:2399 - RAMs <Mram_ram3>, <Mram_ram115> are equivalent, second RAM is removed
INFO:Xst:2399 - RAMs <Mram_ram3>, <Mram_ram118> are equivalent, second RAM is removed
INFO:Xst:2399 - RAMs <Mram_ram3>, <Mram_ram116> are equivalent, second RAM is removed
INFO:Xst:2399 - RAMs <Mram_ram3>, <Mram_ram117> are equivalent, second RAM is removed
INFO:Xst:2399 - RAMs <Mram_ram3>, <Mram_ram119> are equivalent, second RAM is removed
INFO:Xst:2399 - RAMs <Mram_ram3>, <Mram_ram120> are equivalent, second RAM is removed
INFO:Xst:2399 - RAMs <Mram_ram3>, <Mram_ram121> are equivalent, second RAM is removed
INFO:Xst:2399 - RAMs <Mram_ram3>, <Mram_ram122> are equivalent, second RAM is removed
INFO:Xst:2399 - RAMs <Mram_ram3>, <Mram_ram123> are equivalent, second RAM is removed
INFO:Xst:2399 - RAMs <Mram_ram3>, <Mram_ram124> are equivalent, second RAM is removed
INFO:Xst:2399 - RAMs <Mram_ram3>, <Mram_ram127> are equivalent, second RAM is removed
INFO:Xst:2399 - RAMs <Mram_ram3>, <Mram_ram125> are equivalent, second RAM is removed
INFO:Xst:2399 - RAMs <Mram_ram3>, <Mram_ram126> are equivalent, second RAM is removed
INFO:Xst:2399 - RAMs <Mram_ram3>, <Mram_ram128> are equivalent, second RAM is removed
INFO:Xst:2399 - RAMs <Mram_ram3>, <Mram_ram129> are equivalent, second RAM is removed
INFO:Xst:2399 - RAMs <Mram_ram3>, <Mram_ram130> are equivalent, second RAM is removed
INFO:Xst:2399 - RAMs <Mram_ram3>, <Mram_ram131> are equivalent, second RAM is removed
INFO:Xst:2399 - RAMs <Mram_ram3>, <Mram_ram132> are equivalent, second RAM is removed
INFO:Xst:2399 - RAMs <Mram_ram3>, <Mram_ram133> are equivalent, second RAM is removed
INFO:Xst:2399 - RAMs <Mram_ram3>, <Mram_ram134> are equivalent, second RAM is removed
INFO:Xst:2399 - RAMs <Mram_ram3>, <Mram_ram135> are equivalent, second RAM is removed
INFO:Xst:2399 - RAMs <Mram_ram3>, <Mram_ram136> are equivalent, second RAM is removed
INFO:Xst:2399 - RAMs <Mram_ram3>, <Mram_ram137> are equivalent, second RAM is removed
INFO:Xst:2399 - RAMs <Mram_ram3>, <Mram_ram138> are equivalent, second RAM is removed
INFO:Xst:2399 - RAMs <Mram_ram3>, <Mram_ram139> are equivalent, second RAM is removed
INFO:Xst:2399 - RAMs <Mram_ram3>, <Mram_ram140> are equivalent, second RAM is removed
INFO:Xst:2399 - RAMs <Mram_ram3>, <Mram_ram141> are equivalent, second RAM is removed
INFO:Xst:2399 - RAMs <Mram_ram3>, <Mram_ram144> are equivalent, second RAM is removed
INFO:Xst:2399 - RAMs <Mram_ram3>, <Mram_ram142> are equivalent, second RAM is removed
INFO:Xst:2399 - RAMs <Mram_ram3>, <Mram_ram143> are equivalent, second RAM is removed
INFO:Xst:2399 - RAMs <Mram_ram3>, <Mram_ram145> are equivalent, second RAM is removed
INFO:Xst:2399 - RAMs <Mram_ram3>, <Mram_ram146> are equivalent, second RAM is removed
INFO:Xst:2399 - RAMs <Mram_ram3>, <Mram_ram147> are equivalent, second RAM is removed
INFO:Xst:2399 - RAMs <Mram_ram3>, <Mram_ram148> are equivalent, second RAM is removed
INFO:Xst:2399 - RAMs <Mram_ram3>, <Mram_ram149> are equivalent, second RAM is removed
INFO:Xst:2399 - RAMs <Mram_ram3>, <Mram_ram150> are equivalent, second RAM is removed
INFO:Xst:2399 - RAMs <Mram_ram3>, <Mram_ram153> are equivalent, second RAM is removed
INFO:Xst:2399 - RAMs <Mram_ram3>, <Mram_ram151> are equivalent, second RAM is removed
INFO:Xst:2399 - RAMs <Mram_ram3>, <Mram_ram152> are equivalent, second RAM is removed
INFO:Xst:2399 - RAMs <Mram_ram3>, <Mram_ram154> are equivalent, second RAM is removed
INFO:Xst:2399 - RAMs <Mram_ram3>, <Mram_ram155> are equivalent, second RAM is removed
INFO:Xst:2399 - RAMs <Mram_ram3>, <Mram_ram156> are equivalent, second RAM is removed
INFO:Xst:2399 - RAMs <Mram_ram3>, <Mram_ram157> are equivalent, second RAM is removed
INFO:Xst:2399 - RAMs <Mram_ram3>, <Mram_ram158> are equivalent, second RAM is removed
INFO:Xst:2399 - RAMs <Mram_ram3>, <Mram_ram159> are equivalent, second RAM is removed
INFO:Xst:2399 - RAMs <Mram_ram3>, <Mram_ram160> are equivalent, second RAM is removed
INFO:Xst:2399 - RAMs <Mram_ram3>, <Mram_ram161> are equivalent, second RAM is removed
INFO:Xst:2399 - RAMs <Mram_ram3>, <Mram_ram163> are equivalent, second RAM is removed
INFO:Xst:2399 - RAMs <Mram_ram3>, <Mram_ram164> are equivalent, second RAM is removed
INFO:Xst:2399 - RAMs <Mram_ram3>, <Mram_ram165> are equivalent, second RAM is removed
INFO:Xst:2399 - RAMs <Mram_ram3>, <Mram_ram166> are equivalent, second RAM is removed
INFO:Xst:2399 - RAMs <Mram_ram3>, <Mram_ram167> are equivalent, second RAM is removed
INFO:Xst:2399 - RAMs <Mram_ram3>, <Mram_ram168> are equivalent, second RAM is removed
INFO:Xst:2399 - RAMs <Mram_ram3>, <Mram_ram169> are equivalent, second RAM is removed
INFO:Xst:2399 - RAMs <Mram_ram3>, <Mram_ram170> are equivalent, second RAM is removed
INFO:Xst:2399 - RAMs <Mram_ram3>, <Mram_ram171> are equivalent, second RAM is removed
INFO:Xst:2399 - RAMs <Mram_ram3>, <Mram_ram172> are equivalent, second RAM is removed
INFO:Xst:2399 - RAMs <Mram_ram3>, <Mram_ram173> are equivalent, second RAM is removed
INFO:Xst:2399 - RAMs <Mram_ram3>, <Mram_ram174> are equivalent, second RAM is removed
INFO:Xst:2399 - RAMs <Mram_ram3>, <Mram_ram175> are equivalent, second RAM is removed
INFO:Xst:2399 - RAMs <Mram_ram3>, <Mram_ram176> are equivalent, second RAM is removed
INFO:Xst:2399 - RAMs <Mram_ram3>, <Mram_ram179> are equivalent, second RAM is removed
INFO:Xst:2399 - RAMs <Mram_ram3>, <Mram_ram177> are equivalent, second RAM is removed
INFO:Xst:2399 - RAMs <Mram_ram3>, <Mram_ram178> are equivalent, second RAM is removed
INFO:Xst:2399 - RAMs <Mram_ram3>, <Mram_ram180> are equivalent, second RAM is removed
INFO:Xst:2399 - RAMs <Mram_ram3>, <Mram_ram181> are equivalent, second RAM is removed
INFO:Xst:2399 - RAMs <Mram_ram3>, <Mram_ram182> are equivalent, second RAM is removed
INFO:Xst:2399 - RAMs <Mram_ram3>, <Mram_ram183> are equivalent, second RAM is removed
INFO:Xst:2399 - RAMs <Mram_ram3>, <Mram_ram184> are equivalent, second RAM is removed
INFO:Xst:2399 - RAMs <Mram_ram3>, <Mram_ram185> are equivalent, second RAM is removed
INFO:Xst:2399 - RAMs <Mram_ram3>, <Mram_ram188> are equivalent, second RAM is removed
INFO:Xst:2399 - RAMs <Mram_ram3>, <Mram_ram186> are equivalent, second RAM is removed
INFO:Xst:2399 - RAMs <Mram_ram3>, <Mram_ram187> are equivalent, second RAM is removed
INFO:Xst:2399 - RAMs <Mram_ram3>, <Mram_ram189> are equivalent, second RAM is removed
INFO:Xst:2399 - RAMs <Mram_ram3>, <Mram_ram190> are equivalent, second RAM is removed
INFO:Xst:2399 - RAMs <Mram_ram3>, <Mram_ram191> are equivalent, second RAM is removed
INFO:Xst:2399 - RAMs <Mram_ram3>, <Mram_ram192> are equivalent, second RAM is removed
INFO:Xst:2399 - RAMs <Mram_ram3>, <Mram_ram193> are equivalent, second RAM is removed
INFO:Xst:2399 - RAMs <Mram_ram2>, <Mram_ram162> are equivalent, second RAM is removed
WARNING:Xst:1293 - FF/Latch <ContadorY_10> has a constant value of 0 in block <LVDS_test>. This FF/Latch will be trimmed during the optimization process.
WARNING:Xst:1293 - FF/Latch <Contador_27> has a constant value of 0 in block <LVDS_test>. This FF/Latch will be trimmed during the optimization process.
WARNING:Xst:1293 - FF/Latch <Contador_28> has a constant value of 0 in block <LVDS_test>. This FF/Latch will be trimmed during the optimization process.
WARNING:Xst:1293 - FF/Latch <Contador_29> has a constant value of 0 in block <LVDS_test>. This FF/Latch will be trimmed during the optimization process.
WARNING:Xst:1293 - FF/Latch <Contador_30> has a constant value of 0 in block <LVDS_test>. This FF/Latch will be trimmed during the optimization process.
INFO:Xst:2261 - The FF/Latch <videoencoder/clockgenerator/lvdsclkman/datacount> in Unit <LVDS_test> is equivalent to the following 3 FFs/Latches, which will be removed : <videoencoder/channel3_ser/datacount> <videoencoder/channel2_ser/datacount> <videoencoder/channel1_ser/datacount> 
INFO:Xst:2261 - The FF/Latch <videoencoder/channel1_ser/buffer_0_2> in Unit <LVDS_test> is equivalent to the following FF/Latch, which will be removed : <videoencoder/channel1_ser/buffer_0_5> 
INFO:Xst:2261 - The FF/Latch <videoencoder/clockgenerator/lvdsclkman/buffer_0_8> in Unit <LVDS_test> is equivalent to the following FF/Latch, which will be removed : <videoencoder/clockgenerator/lvdsclkman/buffer_0_13> 
INFO:Xst:2261 - The FF/Latch <videoencoder/channel1_ser/buffer_0_10> in Unit <LVDS_test> is equivalent to the following FF/Latch, which will be removed : <videoencoder/channel1_ser/buffer_0_12> 
INFO:Xst:2261 - The FF/Latch <videoencoder/clockgenerator/lvdsclkman/outcount_0> in Unit <LVDS_test> is equivalent to the following 3 FFs/Latches, which will be removed : <videoencoder/channel3_ser/outcount_0> <videoencoder/channel2_ser/outcount_0> <videoencoder/channel1_ser/outcount_0> 
INFO:Xst:2261 - The FF/Latch <videoencoder/clockgenerator/lvdsclkman/outcount_1> in Unit <LVDS_test> is equivalent to the following 3 FFs/Latches, which will be removed : <videoencoder/channel3_ser/outcount_1> <videoencoder/channel2_ser/outcount_1> <videoencoder/channel1_ser/outcount_1> 
INFO:Xst:2261 - The FF/Latch <videoencoder/clockgenerator/lvdsclkman/outcount_2> in Unit <LVDS_test> is equivalent to the following 3 FFs/Latches, which will be removed : <videoencoder/channel3_ser/outcount_2> <videoencoder/channel2_ser/outcount_2> <videoencoder/channel1_ser/outcount_2> 
INFO:Xst:2261 - The FF/Latch <videoencoder/clockgenerator/lvdsclkman/DataInBuffer> in Unit <LVDS_test> is equivalent to the following 3 FFs/Latches, which will be removed : <videoencoder/channel3_ser/DataInBuffer> <videoencoder/channel2_ser/DataInBuffer> <videoencoder/channel1_ser/DataInBuffer> 

Mapping all equations...
Building and optimizing final netlist ...
INFO:Xst:2261 - The FF/Latch <videoencoder/clockgenerator/lvdsclkman/SendOK> in Unit <LVDS_test> is equivalent to the following 3 FFs/Latches, which will be removed : <videoencoder/channel3_ser/SendOK> <videoencoder/channel2_ser/SendOK> <videoencoder/channel1_ser/SendOK> 
Found area constraint ratio of 100 (+ 0) on block LVDS_test, actual ratio is 12.
FlipFlop led has been replicated 1 time(s) to handle iob=true attribute.

Final Macro Processing ...

=========================================================================
Final Register Report

Macro Statistics
# Registers                                            : 127
 Flip-Flops                                            : 127

=========================================================================

=========================================================================
*                           Partition Report                            *
=========================================================================

Partition Implementation Status
-------------------------------

  No Partitions were found in this design.

-------------------------------

=========================================================================
*                            Design Summary                             *
=========================================================================

Top Level Output File Name         : project.ngc

Primitive and Black Box Usage:
------------------------------
# BELS                             : 398
#      GND                         : 1
#      INV                         : 10
#      LUT1                        : 76
#      LUT2                        : 24
#      LUT3                        : 50
#      LUT4                        : 19
#      LUT5                        : 15
#      LUT6                        : 36
#      MUXCY                       : 77
#      MUXF7                       : 6
#      VCC                         : 1
#      XORCY                       : 83
# FlipFlops/Latches                : 131
#      FD                          : 13
#      FDC                         : 52
#      FDCE                        : 9
#      FDE                         : 10
#      FDR                         : 43
#      ODDR2                       : 4
# RAMS                             : 2
#      RAM128X1D                   : 2
# Clock Buffers                    : 5
#      BUFG                        : 5
# IO Buffers                       : 6
#      IBUFG                       : 1
#      OBUF                        : 1
#      OBUFDS                      : 4
# DCMs                             : 2
#      DCM_SP                      : 2
# DSPs                             : 1
#      DSP48A1                     : 1

Device utilization summary:
---------------------------

Selected Device : 6slx4tqg144-2 


Slice Logic Utilization: 
 Number of Slice Registers:             130  out of   4800     2%  
 Number of Slice LUTs:                  238  out of   2400     9%  
    Number used as Logic:               230  out of   2400     9%  
    Number used as Memory:                8  out of   1200     0%  
       Number used as RAM:                8

Slice Logic Distribution: 
 Number of LUT Flip Flop pairs used:    245
   Number with an unused Flip Flop:     115  out of    245    46%  
   Number with an unused LUT:             7  out of    245     2%  
   Number of fully used LUT-FF pairs:   123  out of    245    50%  
   Number of unique control sets:        11

IO Utilization: 
 Number of IOs:                          10
 Number of bonded IOBs:                  10  out of    102     9%  
    IOB Flip Flops/Latches:               1

Specific Feature Utilization:
 Number of BUFG/BUFGCTRLs:                5  out of     16    31%  
 Number of DSP48A1s:                      1  out of      8    12%  

---------------------------
Partition Resource Summary:
---------------------------

  No Partitions were found in this design.

---------------------------


=========================================================================
Timing Report

NOTE: THESE TIMING NUMBERS ARE ONLY A SYNTHESIS ESTIMATE.
      FOR ACCURATE TIMING INFORMATION PLEASE REFER TO THE TRACE REPORT
      GENERATED AFTER PLACE-and-ROUTE.

Clock Information:
------------------
-----------------------------------+-----------------------------+-------+
Clock Signal                       | Clock buffer(FF name)       | Load  |
-----------------------------------+-----------------------------+-------+
clk                                | DCM_SP:CLKFX+DCM_SP:CLK0    | 115   |
clk                                | DCM_SP:CLKFX+DCM_SP:CLKFX   | 16    |
clk                                | DCM_SP:CLKFX+DCM_SP:CLKFX180| 4     |
N0                                 | NONE(Mram_ram2)             | 2     |
-----------------------------------+-----------------------------+-------+
INFO:Xst:2169 - HDL ADVISOR - Some clock signals were not automatically buffered by XST with BUFG/BUFR resources. Please use the buffer_type constraint in order to insert these buffers to the clock signals to help prevent skew problems.

Asynchronous Control Signals Information:
----------------------------------------
No asynchronous control signals found in this design

Timing Summary:
---------------
Speed Grade: -2

   Minimum period: 18.493ns (Maximum Frequency: 54.076MHz)
   Minimum input arrival time before clock: No path found
   Maximum output required time after clock: 4.118ns
   Maximum combinational path delay: No path found

Timing Details:
---------------
All values displayed in nanoseconds (ns)

=========================================================================
Timing constraint: Default period analysis for Clock 'clk'
  Clock period: 18.493ns (frequency: 54.076MHz)
  Total number of paths / destination ports: 21573 / 255
-------------------------------------------------------------------------
Delay:               13.209ns (Levels of Logic = 7)
  Source:            ContadorY_9 (FF)
  Destination:       Green_0 (FF)
  Source Clock:      clk rising 1.4X
  Destination Clock: clk rising 1.4X

  Data Path: ContadorY_9 to Green_0
                                Gate     Net
    Cell:in->out      fanout   Delay   Delay  Logical Name (Net Name)
    ----------------------------------------  ------------
     FDE:C->Q              6   0.525   0.875  ContadorY_9 (ContadorY_9)
     DSP48A1:A9->P8        4   5.220   1.259  Maddsub_PWR_1_o_ContadorY[10]_MuLt_64_OUT (n0140<8>)
     LUT6:I0->O            1   0.254   0.682  BUS_0004_GND_1_o_LessThan_58_o21 (BUS_0004_GND_1_o_LessThan_58_o2)
     LUT5:I4->O            1   0.254   0.682  BUS_0004_GND_1_o_LessThan_58_o22 (BUS_0004_GND_1_o_LessThan_58_o21)
     LUT6:I5->O            2   0.254   0.726  BUS_0004_GND_1_o_LessThan_58_o23 (BUS_0004_GND_1_o_LessThan_58_o22)
     LUT6:I5->O            3   0.254   0.766  _n018911 (_n01891)
     LUT6:I5->O            6   0.254   0.876  _n01991 (_n0199)
     LUT4:I3->O            1   0.254   0.000  Green_0_glue_rst (Green_0_glue_rst)
     FD:D                      0.074          Green_0
    ----------------------------------------
    Total                     13.209ns (7.343ns logic, 5.866ns route)
                                       (55.6% logic, 44.4% route)

=========================================================================
Timing constraint: Default OFFSET OUT AFTER for Clock 'clk'
  Total number of paths / destination ports: 1 / 1
-------------------------------------------------------------------------
Offset:              4.118ns (Levels of Logic = 1)
  Source:            led_1 (FF)
  Destination:       led (PAD)
  Source Clock:      clk rising 1.4X

  Data Path: led_1 to led
                                Gate     Net
    Cell:in->out      fanout   Delay   Delay  Logical Name (Net Name)
    ----------------------------------------  ------------
     FD:C->Q               1   0.525   0.681  led_1 (led_1)
     OBUF:I->O                 2.912          led_OBUF (led)
    ----------------------------------------
    Total                      4.118ns (3.437ns logic, 0.681ns route)
                                       (83.5% logic, 16.5% route)

=========================================================================

Cross Clock Domains Report:
--------------------------

Clock to Setup on destination clock N0
---------------+---------+---------+---------+---------+
               | Src:Rise| Src:Fall| Src:Rise| Src:Fall|
Source Clock   |Dest:Rise|Dest:Rise|Dest:Fall|Dest:Fall|
---------------+---------+---------+---------+---------+
clk            |    8.879|         |         |         |
---------------+---------+---------+---------+---------+

Clock to Setup on destination clock clk
---------------+---------+---------+---------+---------+
               | Src:Rise| Src:Fall| Src:Rise| Src:Fall|
Source Clock   |Dest:Rise|Dest:Rise|Dest:Fall|Dest:Fall|
---------------+---------+---------+---------+---------+
clk            |   13.209|         |         |         |
---------------+---------+---------+---------+---------+

=========================================================================


Total REAL time to Xst completion: 12.00 secs
Total CPU time to Xst completion: 11.28 secs
 
--> 


Total memory usage is 387576 kilobytes

Number of errors   :    0 (   0 filtered)
Number of warnings :  105 (   0 filtered)
Number of infos    :  204 (   0 filtered)

